Analysis & Synthesis report for RISCV_FPGA
Wed Nov 12 18:28:25 2025
Quartus Prime Version 20.1.0 Build 711 06/05/2020 SJ Lite Edition


---------------------
; Table of Contents ;
---------------------
  1. Legal Notice
  2. Analysis & Synthesis Summary
  3. Analysis & Synthesis Settings
  4. Parallel Compilation
  5. Analysis & Synthesis Source Files Read
  6. Analysis & Synthesis Resource Usage Summary
  7. Analysis & Synthesis Resource Utilization by Entity
  8. General Register Statistics
  9. Port Connectivity Checks: "execute:execute|branch_control:u_bc"
 10. Port Connectivity Checks: "execute:execute"
 11. Port Connectivity Checks: "decode:decode"
 12. Port Connectivity Checks: "inst_fetch:inst_fetch"
 13. Post-Synthesis Netlist Statistics for Top Partition
 14. Elapsed Time Per Partition
 15. Analysis & Synthesis Messages



----------------
; Legal Notice ;
----------------
Copyright (C) 2020  Intel Corporation. All rights reserved.
Your use of Intel Corporation's design tools, logic functions 
and other software and tools, and any partner logic 
functions, and any output files from any of the foregoing 
(including device programming or simulation files), and any 
associated documentation or information are expressly subject 
to the terms and conditions of the Intel Program License 
Subscription Agreement, the Intel Quartus Prime License Agreement,
the Intel FPGA IP License Agreement, or other applicable license
agreement, including, without limitation, that your use is for
the sole purpose of programming logic devices manufactured by
Intel and sold by Intel or its authorized distributors.  Please
refer to the applicable agreement for further details, at
https://fpgasoftware.intel.com/eula.



+----------------------------------------------------------------------------------+
; Analysis & Synthesis Summary                                                     ;
+------------------------------------+---------------------------------------------+
; Analysis & Synthesis Status        ; Successful - Wed Nov 12 18:28:25 2025       ;
; Quartus Prime Version              ; 20.1.0 Build 711 06/05/2020 SJ Lite Edition ;
; Revision Name                      ; RISCV_FPGA                                  ;
; Top-level Entity Name              ; riscv_top                                   ;
; Family                             ; MAX 10                                      ;
; Total logic elements               ; 0                                           ;
;     Total combinational functions  ; 0                                           ;
;     Dedicated logic registers      ; 0                                           ;
; Total registers                    ; 0                                           ;
; Total pins                         ; 11                                          ;
; Total virtual pins                 ; 0                                           ;
; Total memory bits                  ; 0                                           ;
; Embedded Multiplier 9-bit elements ; 0                                           ;
; Total PLLs                         ; 0                                           ;
; UFM blocks                         ; 0                                           ;
; ADC blocks                         ; 0                                           ;
+------------------------------------+---------------------------------------------+


+------------------------------------------------------------------------------------------------------------+
; Analysis & Synthesis Settings                                                                              ;
+------------------------------------------------------------------+--------------------+--------------------+
; Option                                                           ; Setting            ; Default Value      ;
+------------------------------------------------------------------+--------------------+--------------------+
; Device                                                           ; 10M50DAF484C6GES   ;                    ;
; Top-level entity name                                            ; riscv_top          ; RISCV_FPGA         ;
; Family name                                                      ; MAX 10             ; Cyclone V          ;
; VHDL Show LMF Mapping Messages                                   ; Off                ;                    ;
; VHDL Version                                                     ; VHDL_2008          ; VHDL_1993          ;
; Use smart compilation                                            ; Off                ; Off                ;
; Enable parallel Assembler and Timing Analyzer during compilation ; On                 ; On                 ;
; Enable compact report table                                      ; Off                ; Off                ;
; Restructure Multiplexers                                         ; Auto               ; Auto               ;
; Create Debugging Nodes for IP Cores                              ; Off                ; Off                ;
; Preserve fewer node names                                        ; On                 ; On                 ;
; Intel FPGA IP Evaluation Mode                                    ; Enable             ; Enable             ;
; Verilog Version                                                  ; Verilog_2001       ; Verilog_2001       ;
; State Machine Processing                                         ; Auto               ; Auto               ;
; Safe State Machine                                               ; Off                ; Off                ;
; Extract Verilog State Machines                                   ; On                 ; On                 ;
; Extract VHDL State Machines                                      ; On                 ; On                 ;
; Ignore Verilog initial constructs                                ; Off                ; Off                ;
; Iteration limit for constant Verilog loops                       ; 5000               ; 5000               ;
; Iteration limit for non-constant Verilog loops                   ; 250                ; 250                ;
; Add Pass-Through Logic to Inferred RAMs                          ; On                 ; On                 ;
; Infer RAMs from Raw Logic                                        ; On                 ; On                 ;
; Parallel Synthesis                                               ; On                 ; On                 ;
; DSP Block Balancing                                              ; Auto               ; Auto               ;
; NOT Gate Push-Back                                               ; On                 ; On                 ;
; Power-Up Don't Care                                              ; On                 ; On                 ;
; Remove Redundant Logic Cells                                     ; Off                ; Off                ;
; Remove Duplicate Registers                                       ; On                 ; On                 ;
; Ignore CARRY Buffers                                             ; Off                ; Off                ;
; Ignore CASCADE Buffers                                           ; Off                ; Off                ;
; Ignore GLOBAL Buffers                                            ; Off                ; Off                ;
; Ignore ROW GLOBAL Buffers                                        ; Off                ; Off                ;
; Ignore LCELL Buffers                                             ; Off                ; Off                ;
; Ignore SOFT Buffers                                              ; On                 ; On                 ;
; Limit AHDL Integers to 32 Bits                                   ; Off                ; Off                ;
; Optimization Technique                                           ; Balanced           ; Balanced           ;
; Carry Chain Length                                               ; 70                 ; 70                 ;
; Auto Carry Chains                                                ; On                 ; On                 ;
; Auto Open-Drain Pins                                             ; On                 ; On                 ;
; Perform WYSIWYG Primitive Resynthesis                            ; Off                ; Off                ;
; Auto ROM Replacement                                             ; On                 ; On                 ;
; Auto RAM Replacement                                             ; On                 ; On                 ;
; Auto DSP Block Replacement                                       ; On                 ; On                 ;
; Auto Shift Register Replacement                                  ; Auto               ; Auto               ;
; Allow Shift Register Merging across Hierarchies                  ; Auto               ; Auto               ;
; Auto Clock Enable Replacement                                    ; On                 ; On                 ;
; Strict RAM Replacement                                           ; Off                ; Off                ;
; Allow Synchronous Control Signals                                ; On                 ; On                 ;
; Force Use of Synchronous Clear Signals                           ; Off                ; Off                ;
; Auto RAM Block Balancing                                         ; On                 ; On                 ;
; Auto RAM to Logic Cell Conversion                                ; Off                ; Off                ;
; Auto Resource Sharing                                            ; Off                ; Off                ;
; Allow Any RAM Size For Recognition                               ; Off                ; Off                ;
; Allow Any ROM Size For Recognition                               ; Off                ; Off                ;
; Allow Any Shift Register Size For Recognition                    ; Off                ; Off                ;
; Use LogicLock Constraints during Resource Balancing              ; On                 ; On                 ;
; Ignore translate_off and synthesis_off directives                ; Off                ; Off                ;
; Timing-Driven Synthesis                                          ; On                 ; On                 ;
; Report Parameter Settings                                        ; On                 ; On                 ;
; Report Source Assignments                                        ; On                 ; On                 ;
; Report Connectivity Checks                                       ; On                 ; On                 ;
; Ignore Maximum Fan-Out Assignments                               ; Off                ; Off                ;
; Synchronization Register Chain Length                            ; 2                  ; 2                  ;
; Power Optimization During Synthesis                              ; Normal compilation ; Normal compilation ;
; HDL message level                                                ; Level2             ; Level2             ;
; Suppress Register Optimization Related Messages                  ; Off                ; Off                ;
; Number of Removed Registers Reported in Synthesis Report         ; 5000               ; 5000               ;
; Number of Swept Nodes Reported in Synthesis Report               ; 5000               ; 5000               ;
; Number of Inverted Registers Reported in Synthesis Report        ; 100                ; 100                ;
; Clock MUX Protection                                             ; On                 ; On                 ;
; Auto Gated Clock Conversion                                      ; Off                ; Off                ;
; Block Design Naming                                              ; Auto               ; Auto               ;
; SDC constraint protection                                        ; Off                ; Off                ;
; Synthesis Effort                                                 ; Auto               ; Auto               ;
; Shift Register Replacement - Allow Asynchronous Clear Signal     ; On                 ; On                 ;
; Pre-Mapping Resynthesis Optimization                             ; Off                ; Off                ;
; Analysis & Synthesis Message Level                               ; Medium             ; Medium             ;
; Disable Register Merging Across Hierarchies                      ; Auto               ; Auto               ;
; Resource Aware Inference For Block RAM                           ; On                 ; On                 ;
+------------------------------------------------------------------+--------------------+--------------------+


+------------------------------------------+
; Parallel Compilation                     ;
+----------------------------+-------------+
; Processors                 ; Number      ;
+----------------------------+-------------+
; Number detected on machine ; 24          ;
; Maximum allowed            ; 16          ;
;                            ;             ;
; Average used               ; 1.00        ;
; Maximum used               ; 1           ;
;                            ;             ;
; Usage by Processor         ; % Time Used ;
;     Processor 1            ; 100.0%      ;
+----------------------------+-------------+


+---------------------------------------------------------------------------------------------------------------------------------------+
; Analysis & Synthesis Source Files Read                                                                                                ;
+----------------------------------+-----------------+-----------------+------------------------------------------------------+---------+
; File Name with User-Entered Path ; Used in Netlist ; File Type       ; File Name with Absolute Path                         ; Library ;
+----------------------------------+-----------------+-----------------+------------------------------------------------------+---------+
; hdl/execute.vhd                  ; yes             ; User VHDL File  ; /eecs/home/nvukosa/RISCV_FPGA/hdl/execute.vhd        ;         ;
; hdl/alu.vhd                      ; yes             ; User VHDL File  ; /eecs/home/nvukosa/RISCV_FPGA/hdl/alu.vhd            ;         ;
; hdl/branch_control.vhd           ; yes             ; User VHDL File  ; /eecs/home/nvukosa/RISCV_FPGA/hdl/branch_control.vhd ;         ;
; hdl/decode.vhd                   ; yes             ; User VHDL File  ; /eecs/home/nvukosa/RISCV_FPGA/hdl/decode.vhd         ;         ;
; hdl/inst_fetch.vhd               ; yes             ; User VHDL File  ; /eecs/home/nvukosa/RISCV_FPGA/hdl/inst_fetch.vhd     ;         ;
; hdl/riscv_pkg.vhd                ; yes             ; User VHDL File  ; /eecs/home/nvukosa/RISCV_FPGA/hdl/riscv_pkg.vhd      ;         ;
; hdl/riscv_top.vhd                ; yes             ; User VHDL File  ; /eecs/home/nvukosa/RISCV_FPGA/hdl/riscv_top.vhd      ;         ;
+----------------------------------+-----------------+-----------------+------------------------------------------------------+---------+


+-----------------------------------------------------+
; Analysis & Synthesis Resource Usage Summary         ;
+---------------------------------------------+-------+
; Resource                                    ; Usage ;
+---------------------------------------------+-------+
;                                             ;       ;
; Total combinational functions               ; 0     ;
; Logic element usage by number of LUT inputs ;       ;
;     -- 4 input functions                    ; 0     ;
;     -- 3 input functions                    ; 0     ;
;     -- <=2 input functions                  ; 0     ;
;                                             ;       ;
; Logic elements by mode                      ;       ;
;     -- normal mode                          ; 0     ;
;     -- arithmetic mode                      ; 0     ;
;                                             ;       ;
; Total registers                             ; 0     ;
;     -- Dedicated logic registers            ; 0     ;
;     -- I/O registers                        ; 0     ;
;                                             ;       ;
; I/O pins                                    ; 11    ;
;                                             ;       ;
; Embedded Multiplier 9-bit elements          ; 0     ;
;                                             ;       ;
; Maximum fan-out node                        ; clk   ;
; Maximum fan-out                             ; 1     ;
; Total fan-out                               ; 11    ;
; Average fan-out                             ; 0.50  ;
+---------------------------------------------+-------+


+------------------------------------------------------------------------------------------------------------------------------------------------------------------------------------------------------------------------------------+
; Analysis & Synthesis Resource Utilization by Entity                                                                                                                                                                                ;
+----------------------------+---------------------+---------------------------+-------------+------------+--------------+---------+-----------+------+--------------+------------+---------------------+-------------+--------------+
; Compilation Hierarchy Node ; Combinational ALUTs ; Dedicated Logic Registers ; Memory Bits ; UFM Blocks ; DSP Elements ; DSP 9x9 ; DSP 18x18 ; Pins ; Virtual Pins ; ADC blocks ; Full Hierarchy Name ; Entity Name ; Library Name ;
+----------------------------+---------------------+---------------------------+-------------+------------+--------------+---------+-----------+------+--------------+------------+---------------------+-------------+--------------+
; |riscv_top                 ; 0 (0)               ; 0 (0)                     ; 0           ; 0          ; 0            ; 0       ; 0         ; 11   ; 0            ; 0          ; |riscv_top          ; riscv_top   ; work         ;
+----------------------------+---------------------+---------------------------+-------------+------------+--------------+---------+-----------+------+--------------+------------+---------------------+-------------+--------------+
Note: For table entries with two numbers listed, the numbers in parentheses indicate the number of resources of the given type used by the specific entity alone. The numbers listed outside of parentheses indicate the total resources of the given type used by the specific entity and all of its sub-entities in the hierarchy.


+------------------------------------------------------+
; General Register Statistics                          ;
+----------------------------------------------+-------+
; Statistic                                    ; Value ;
+----------------------------------------------+-------+
; Total registers                              ; 0     ;
; Number of registers using Synchronous Clear  ; 0     ;
; Number of registers using Synchronous Load   ; 0     ;
; Number of registers using Asynchronous Clear ; 0     ;
; Number of registers using Asynchronous Load  ; 0     ;
; Number of registers using Clock Enable       ; 0     ;
; Number of registers using Preset             ; 0     ;
+----------------------------------------------+-------+


+----------------------------------------------------------------------------------------------------------------+
; Port Connectivity Checks: "execute:execute|branch_control:u_bc"                                                ;
+------+--------+----------+-------------------------------------------------------------------------------------+
; Port ; Type   ; Severity ; Details                                                                             ;
+------+--------+----------+-------------------------------------------------------------------------------------+
; breq ; Output ; Info     ; Connected to dangling logic. Logic that only feeds a dangling port will be removed. ;
; brlt ; Output ; Info     ; Connected to dangling logic. Logic that only feeds a dangling port will be removed. ;
+------+--------+----------+-------------------------------------------------------------------------------------+


+-------------------------------------------------------------------------------------------------------------------------+
; Port Connectivity Checks: "execute:execute"                                                                             ;
+---------------+--------+----------+-------------------------------------------------------------------------------------+
; Port          ; Type   ; Severity ; Details                                                                             ;
+---------------+--------+----------+-------------------------------------------------------------------------------------+
; clk           ; Input  ; Info     ; Stuck at GND                                                                        ;
; pc            ; Input  ; Info     ; Stuck at GND                                                                        ;
; instruct      ; Input  ; Info     ; Stuck at GND                                                                        ;
; rs1           ; Input  ; Info     ; Stuck at GND                                                                        ;
; rs2           ; Input  ; Info     ; Stuck at GND                                                                        ;
; instruct_pass ; Output ; Info     ; Connected to dangling logic. Logic that only feeds a dangling port will be removed. ;
; pc_pass       ; Output ; Info     ; Connected to dangling logic. Logic that only feeds a dangling port will be removed. ;
; data_w        ; Output ; Info     ; Connected to dangling logic. Logic that only feeds a dangling port will be removed. ;
; alu_out       ; Output ; Info     ; Connected to dangling logic. Logic that only feeds a dangling port will be removed. ;
; breq          ; Output ; Info     ; Connected to dangling logic. Logic that only feeds a dangling port will be removed. ;
; brlt          ; Output ; Info     ; Connected to dangling logic. Logic that only feeds a dangling port will be removed. ;
+---------------+--------+----------+-------------------------------------------------------------------------------------+


+-------------------------------------------------------------------------------------------------------------------------+
; Port Connectivity Checks: "decode:decode"                                                                               ;
+---------------+--------+----------+-------------------------------------------------------------------------------------+
; Port          ; Type   ; Severity ; Details                                                                             ;
+---------------+--------+----------+-------------------------------------------------------------------------------------+
; clk           ; Input  ; Info     ; Stuck at GND                                                                        ;
; pc            ; Input  ; Info     ; Stuck at GND                                                                        ;
; fetch_inst    ; Input  ; Info     ; Stuck at GND                                                                        ;
; wb_inst       ; Input  ; Info     ; Stuck at GND                                                                        ;
; wb_data       ; Input  ; Info     ; Stuck at GND                                                                        ;
; instruct_pass ; Output ; Info     ; Connected to dangling logic. Logic that only feeds a dangling port will be removed. ;
; pc_pass       ; Output ; Info     ; Connected to dangling logic. Logic that only feeds a dangling port will be removed. ;
; rs1           ; Output ; Info     ; Connected to dangling logic. Logic that only feeds a dangling port will be removed. ;
; rs2           ; Output ; Info     ; Connected to dangling logic. Logic that only feeds a dangling port will be removed. ;
+---------------+--------+----------+-------------------------------------------------------------------------------------+


+----------------------------------------------------------------------------------------------------------------------+
; Port Connectivity Checks: "inst_fetch:inst_fetch"                                                                    ;
+------------+--------+----------+-------------------------------------------------------------------------------------+
; Port       ; Type   ; Severity ; Details                                                                             ;
+------------+--------+----------+-------------------------------------------------------------------------------------+
; clk        ; Input  ; Info     ; Stuck at GND                                                                        ;
; current_pc ; Input  ; Info     ; Stuck at GND                                                                        ;
; new_pc     ; Output ; Info     ; Connected to dangling logic. Logic that only feeds a dangling port will be removed. ;
; instruct   ; Output ; Info     ; Connected to dangling logic. Logic that only feeds a dangling port will be removed. ;
+------------+--------+----------+-------------------------------------------------------------------------------------+


+-----------------------------------------------------+
; Post-Synthesis Netlist Statistics for Top Partition ;
+-----------------------+-----------------------------+
; Type                  ; Count                       ;
+-----------------------+-----------------------------+
; boundary_port         ; 11                          ;
; cycloneiii_lcell_comb ; 1                           ;
;     normal            ; 1                           ;
;         0 data inputs ; 1                           ;
;                       ;                             ;
; Max LUT depth         ; 0.00                        ;
; Average LUT depth     ; 0.00                        ;
+-----------------------+-----------------------------+


+-------------------------------+
; Elapsed Time Per Partition    ;
+----------------+--------------+
; Partition Name ; Elapsed Time ;
+----------------+--------------+
; Top            ; 00:00:00     ;
+----------------+--------------+


+-------------------------------+
; Analysis & Synthesis Messages ;
+-------------------------------+
Info: *******************************************************************
Info: Running Quartus Prime Analysis & Synthesis
    Info: Version 20.1.0 Build 711 06/05/2020 SJ Lite Edition
    Info: Processing started: Wed Nov 12 18:28:21 2025
Info: Command: quartus_map --read_settings_files=on --write_settings_files=off RISCV_FPGA -c RISCV_FPGA
Warning (18236): Number of processors has not been specified which may cause overloading on shared machines.  Set the global assignment NUM_PARALLEL_PROCESSORS in your QSF to an appropriate value for best performance.
Info (20030): Parallel compilation is enabled and will use 16 of the 16 processors detected
Info (12021): Found 2 design units, including 1 entities, in source file hdl/execute.vhd
    Info (12022): Found design unit 1: execute-rtl File: /eecs/home/nvukosa/RISCV_FPGA/hdl/execute.vhd Line: 30
    Info (12023): Found entity 1: execute File: /eecs/home/nvukosa/RISCV_FPGA/hdl/execute.vhd Line: 6
Info (12021): Found 2 design units, including 1 entities, in source file hdl/alu.vhd
    Info (12022): Found design unit 1: alu-rtl File: /eecs/home/nvukosa/RISCV_FPGA/hdl/alu.vhd Line: 23
    Info (12023): Found entity 1: alu File: /eecs/home/nvukosa/RISCV_FPGA/hdl/alu.vhd Line: 6
Info (12021): Found 2 design units, including 1 entities, in source file hdl/branch_control.vhd
    Info (12022): Found design unit 1: branch_control-rtl File: /eecs/home/nvukosa/RISCV_FPGA/hdl/branch_control.vhd Line: 21
    Info (12023): Found entity 1: branch_control File: /eecs/home/nvukosa/RISCV_FPGA/hdl/branch_control.vhd Line: 6
Info (12021): Found 2 design units, including 1 entities, in source file hdl/decode.vhd
    Info (12022): Found design unit 1: decode-rtl File: /eecs/home/nvukosa/RISCV_FPGA/hdl/decode.vhd Line: 25
    Info (12023): Found entity 1: decode File: /eecs/home/nvukosa/RISCV_FPGA/hdl/decode.vhd Line: 6
Info (12021): Found 2 design units, including 1 entities, in source file hdl/inst_fetch.vhd
    Info (12022): Found design unit 1: inst_fetch-rtl File: /eecs/home/nvukosa/RISCV_FPGA/hdl/inst_fetch.vhd Line: 20
    Info (12023): Found entity 1: inst_fetch File: /eecs/home/nvukosa/RISCV_FPGA/hdl/inst_fetch.vhd Line: 6
Info (12021): Found 2 design units, including 0 entities, in source file hdl/riscv_pkg.vhd
    Info (12022): Found design unit 1: riscv_pkg File: /eecs/home/nvukosa/RISCV_FPGA/hdl/riscv_pkg.vhd Line: 5
    Info (12022): Found design unit 2: riscv_pkg-body File: /eecs/home/nvukosa/RISCV_FPGA/hdl/riscv_pkg.vhd Line: 19
Info (12021): Found 2 design units, including 1 entities, in source file hdl/riscv_top.vhd
    Info (12022): Found design unit 1: riscv_top-rtl File: /eecs/home/nvukosa/RISCV_FPGA/hdl/riscv_top.vhd Line: 19
    Info (12023): Found entity 1: riscv_top File: /eecs/home/nvukosa/RISCV_FPGA/hdl/riscv_top.vhd Line: 6
Info (12127): Elaborating entity "riscv_top" for the top level hierarchy
Warning (10541): VHDL Signal Declaration warning at riscv_top.vhd(13): used implicit default value for signal "occupied" because signal was never assigned a value or an explicit default value. Use of implicit default value may introduce unintended design optimizations. File: /eecs/home/nvukosa/RISCV_FPGA/hdl/riscv_top.vhd Line: 13
Warning (10541): VHDL Signal Declaration warning at riscv_top.vhd(14): used implicit default value for signal "led" because signal was never assigned a value or an explicit default value. Use of implicit default value may introduce unintended design optimizations. File: /eecs/home/nvukosa/RISCV_FPGA/hdl/riscv_top.vhd Line: 14
Warning (10541): VHDL Signal Declaration warning at riscv_top.vhd(15): used implicit default value for signal "time_left" because signal was never assigned a value or an explicit default value. Use of implicit default value may introduce unintended design optimizations. File: /eecs/home/nvukosa/RISCV_FPGA/hdl/riscv_top.vhd Line: 15
Info (12128): Elaborating entity "inst_fetch" for hierarchy "inst_fetch:inst_fetch" File: /eecs/home/nvukosa/RISCV_FPGA/hdl/riscv_top.vhd Line: 25
Warning (10541): VHDL Signal Declaration warning at inst_fetch.vhd(14): used implicit default value for signal "new_pc" because signal was never assigned a value or an explicit default value. Use of implicit default value may introduce unintended design optimizations. File: /eecs/home/nvukosa/RISCV_FPGA/hdl/inst_fetch.vhd Line: 14
Warning (10541): VHDL Signal Declaration warning at inst_fetch.vhd(15): used implicit default value for signal "instruct" because signal was never assigned a value or an explicit default value. Use of implicit default value may introduce unintended design optimizations. File: /eecs/home/nvukosa/RISCV_FPGA/hdl/inst_fetch.vhd Line: 15
Info (12128): Elaborating entity "decode" for hierarchy "decode:decode" File: /eecs/home/nvukosa/RISCV_FPGA/hdl/riscv_top.vhd Line: 41
Warning (10541): VHDL Signal Declaration warning at decode.vhd(17): used implicit default value for signal "instruct_pass" because signal was never assigned a value or an explicit default value. Use of implicit default value may introduce unintended design optimizations. File: /eecs/home/nvukosa/RISCV_FPGA/hdl/decode.vhd Line: 17
Warning (10541): VHDL Signal Declaration warning at decode.vhd(18): used implicit default value for signal "pc_pass" because signal was never assigned a value or an explicit default value. Use of implicit default value may introduce unintended design optimizations. File: /eecs/home/nvukosa/RISCV_FPGA/hdl/decode.vhd Line: 18
Warning (10541): VHDL Signal Declaration warning at decode.vhd(19): used implicit default value for signal "rs1" because signal was never assigned a value or an explicit default value. Use of implicit default value may introduce unintended design optimizations. File: /eecs/home/nvukosa/RISCV_FPGA/hdl/decode.vhd Line: 19
Warning (10541): VHDL Signal Declaration warning at decode.vhd(20): used implicit default value for signal "rs2" because signal was never assigned a value or an explicit default value. Use of implicit default value may introduce unintended design optimizations. File: /eecs/home/nvukosa/RISCV_FPGA/hdl/decode.vhd Line: 20
Warning (10036): Verilog HDL or VHDL warning at decode.vhd(37): object "rs1_rd" assigned a value but never read File: /eecs/home/nvukosa/RISCV_FPGA/hdl/decode.vhd Line: 37
Warning (10036): Verilog HDL or VHDL warning at decode.vhd(38): object "rs2_rd" assigned a value but never read File: /eecs/home/nvukosa/RISCV_FPGA/hdl/decode.vhd Line: 38
Info (12128): Elaborating entity "execute" for hierarchy "execute:execute" File: /eecs/home/nvukosa/RISCV_FPGA/hdl/riscv_top.vhd Line: 65
Warning (10541): VHDL Signal Declaration warning at execute.vhd(20): used implicit default value for signal "instruct_pass" because signal was never assigned a value or an explicit default value. Use of implicit default value may introduce unintended design optimizations. File: /eecs/home/nvukosa/RISCV_FPGA/hdl/execute.vhd Line: 20
Warning (10541): VHDL Signal Declaration warning at execute.vhd(21): used implicit default value for signal "pc_pass" because signal was never assigned a value or an explicit default value. Use of implicit default value may introduce unintended design optimizations. File: /eecs/home/nvukosa/RISCV_FPGA/hdl/execute.vhd Line: 21
Warning (10541): VHDL Signal Declaration warning at execute.vhd(22): used implicit default value for signal "data_w" because signal was never assigned a value or an explicit default value. Use of implicit default value may introduce unintended design optimizations. File: /eecs/home/nvukosa/RISCV_FPGA/hdl/execute.vhd Line: 22
Warning (10541): VHDL Signal Declaration warning at execute.vhd(24): used implicit default value for signal "BrEq" because signal was never assigned a value or an explicit default value. Use of implicit default value may introduce unintended design optimizations. File: /eecs/home/nvukosa/RISCV_FPGA/hdl/execute.vhd Line: 24
Warning (10541): VHDL Signal Declaration warning at execute.vhd(25): used implicit default value for signal "BrLt" because signal was never assigned a value or an explicit default value. Use of implicit default value may introduce unintended design optimizations. File: /eecs/home/nvukosa/RISCV_FPGA/hdl/execute.vhd Line: 25
Warning (10631): VHDL Process Statement warning at execute.vhd(48): inferring latch(es) for signal or variable "imm", which holds its previous value in one or more paths through the process File: /eecs/home/nvukosa/RISCV_FPGA/hdl/execute.vhd Line: 48
Warning (10492): VHDL Process Statement warning at execute.vhd(73): signal "rs1" is read inside the Process Statement but isn't in the Process Statement's sensitivity list File: /eecs/home/nvukosa/RISCV_FPGA/hdl/execute.vhd Line: 73
Warning (10492): VHDL Process Statement warning at execute.vhd(75): signal "pc" is read inside the Process Statement but isn't in the Process Statement's sensitivity list File: /eecs/home/nvukosa/RISCV_FPGA/hdl/execute.vhd Line: 75
Warning (10492): VHDL Process Statement warning at execute.vhd(91): signal "rs2" is read inside the Process Statement but isn't in the Process Statement's sensitivity list File: /eecs/home/nvukosa/RISCV_FPGA/hdl/execute.vhd Line: 91
Warning (10492): VHDL Process Statement warning at execute.vhd(93): signal "imm" is read inside the Process Statement but isn't in the Process Statement's sensitivity list File: /eecs/home/nvukosa/RISCV_FPGA/hdl/execute.vhd Line: 93
Info (10041): Inferred latch for "imm[0]" at execute.vhd(48) File: /eecs/home/nvukosa/RISCV_FPGA/hdl/execute.vhd Line: 48
Info (10041): Inferred latch for "imm[1]" at execute.vhd(48) File: /eecs/home/nvukosa/RISCV_FPGA/hdl/execute.vhd Line: 48
Info (10041): Inferred latch for "imm[2]" at execute.vhd(48) File: /eecs/home/nvukosa/RISCV_FPGA/hdl/execute.vhd Line: 48
Info (10041): Inferred latch for "imm[3]" at execute.vhd(48) File: /eecs/home/nvukosa/RISCV_FPGA/hdl/execute.vhd Line: 48
Info (10041): Inferred latch for "imm[4]" at execute.vhd(48) File: /eecs/home/nvukosa/RISCV_FPGA/hdl/execute.vhd Line: 48
Info (10041): Inferred latch for "imm[5]" at execute.vhd(48) File: /eecs/home/nvukosa/RISCV_FPGA/hdl/execute.vhd Line: 48
Info (10041): Inferred latch for "imm[6]" at execute.vhd(48) File: /eecs/home/nvukosa/RISCV_FPGA/hdl/execute.vhd Line: 48
Info (10041): Inferred latch for "imm[7]" at execute.vhd(48) File: /eecs/home/nvukosa/RISCV_FPGA/hdl/execute.vhd Line: 48
Info (10041): Inferred latch for "imm[8]" at execute.vhd(48) File: /eecs/home/nvukosa/RISCV_FPGA/hdl/execute.vhd Line: 48
Info (10041): Inferred latch for "imm[9]" at execute.vhd(48) File: /eecs/home/nvukosa/RISCV_FPGA/hdl/execute.vhd Line: 48
Info (10041): Inferred latch for "imm[10]" at execute.vhd(48) File: /eecs/home/nvukosa/RISCV_FPGA/hdl/execute.vhd Line: 48
Info (10041): Inferred latch for "imm[11]" at execute.vhd(48) File: /eecs/home/nvukosa/RISCV_FPGA/hdl/execute.vhd Line: 48
Info (10041): Inferred latch for "imm[12]" at execute.vhd(48) File: /eecs/home/nvukosa/RISCV_FPGA/hdl/execute.vhd Line: 48
Info (10041): Inferred latch for "imm[13]" at execute.vhd(48) File: /eecs/home/nvukosa/RISCV_FPGA/hdl/execute.vhd Line: 48
Info (10041): Inferred latch for "imm[14]" at execute.vhd(48) File: /eecs/home/nvukosa/RISCV_FPGA/hdl/execute.vhd Line: 48
Info (10041): Inferred latch for "imm[15]" at execute.vhd(48) File: /eecs/home/nvukosa/RISCV_FPGA/hdl/execute.vhd Line: 48
Info (10041): Inferred latch for "imm[16]" at execute.vhd(48) File: /eecs/home/nvukosa/RISCV_FPGA/hdl/execute.vhd Line: 48
Info (10041): Inferred latch for "imm[17]" at execute.vhd(48) File: /eecs/home/nvukosa/RISCV_FPGA/hdl/execute.vhd Line: 48
Info (10041): Inferred latch for "imm[18]" at execute.vhd(48) File: /eecs/home/nvukosa/RISCV_FPGA/hdl/execute.vhd Line: 48
Info (10041): Inferred latch for "imm[19]" at execute.vhd(48) File: /eecs/home/nvukosa/RISCV_FPGA/hdl/execute.vhd Line: 48
Info (10041): Inferred latch for "imm[20]" at execute.vhd(48) File: /eecs/home/nvukosa/RISCV_FPGA/hdl/execute.vhd Line: 48
Info (10041): Inferred latch for "imm[21]" at execute.vhd(48) File: /eecs/home/nvukosa/RISCV_FPGA/hdl/execute.vhd Line: 48
Info (10041): Inferred latch for "imm[22]" at execute.vhd(48) File: /eecs/home/nvukosa/RISCV_FPGA/hdl/execute.vhd Line: 48
Info (10041): Inferred latch for "imm[23]" at execute.vhd(48) File: /eecs/home/nvukosa/RISCV_FPGA/hdl/execute.vhd Line: 48
Info (10041): Inferred latch for "imm[24]" at execute.vhd(48) File: /eecs/home/nvukosa/RISCV_FPGA/hdl/execute.vhd Line: 48
Info (10041): Inferred latch for "imm[25]" at execute.vhd(48) File: /eecs/home/nvukosa/RISCV_FPGA/hdl/execute.vhd Line: 48
Info (10041): Inferred latch for "imm[26]" at execute.vhd(48) File: /eecs/home/nvukosa/RISCV_FPGA/hdl/execute.vhd Line: 48
Info (10041): Inferred latch for "imm[27]" at execute.vhd(48) File: /eecs/home/nvukosa/RISCV_FPGA/hdl/execute.vhd Line: 48
Info (10041): Inferred latch for "imm[28]" at execute.vhd(48) File: /eecs/home/nvukosa/RISCV_FPGA/hdl/execute.vhd Line: 48
Info (10041): Inferred latch for "imm[29]" at execute.vhd(48) File: /eecs/home/nvukosa/RISCV_FPGA/hdl/execute.vhd Line: 48
Info (10041): Inferred latch for "imm[30]" at execute.vhd(48) File: /eecs/home/nvukosa/RISCV_FPGA/hdl/execute.vhd Line: 48
Info (10041): Inferred latch for "imm[31]" at execute.vhd(48) File: /eecs/home/nvukosa/RISCV_FPGA/hdl/execute.vhd Line: 48
Info (12128): Elaborating entity "alu" for hierarchy "execute:execute|alu:u_alu" File: /eecs/home/nvukosa/RISCV_FPGA/hdl/execute.vhd Line: 101
Warning (10492): VHDL Process Statement warning at alu.vhd(39): signal "A" is read inside the Process Statement but isn't in the Process Statement's sensitivity list File: /eecs/home/nvukosa/RISCV_FPGA/hdl/alu.vhd Line: 39
Warning (10492): VHDL Process Statement warning at alu.vhd(39): signal "B" is read inside the Process Statement but isn't in the Process Statement's sensitivity list File: /eecs/home/nvukosa/RISCV_FPGA/hdl/alu.vhd Line: 39
Warning (10492): VHDL Process Statement warning at alu.vhd(40): signal "A" is read inside the Process Statement but isn't in the Process Statement's sensitivity list File: /eecs/home/nvukosa/RISCV_FPGA/hdl/alu.vhd Line: 40
Warning (10492): VHDL Process Statement warning at alu.vhd(40): signal "B" is read inside the Process Statement but isn't in the Process Statement's sensitivity list File: /eecs/home/nvukosa/RISCV_FPGA/hdl/alu.vhd Line: 40
Warning (10492): VHDL Process Statement warning at alu.vhd(45): signal "A" is read inside the Process Statement but isn't in the Process Statement's sensitivity list File: /eecs/home/nvukosa/RISCV_FPGA/hdl/alu.vhd Line: 45
Warning (10492): VHDL Process Statement warning at alu.vhd(45): signal "B" is read inside the Process Statement but isn't in the Process Statement's sensitivity list File: /eecs/home/nvukosa/RISCV_FPGA/hdl/alu.vhd Line: 45
Warning (10492): VHDL Process Statement warning at alu.vhd(50): signal "A" is read inside the Process Statement but isn't in the Process Statement's sensitivity list File: /eecs/home/nvukosa/RISCV_FPGA/hdl/alu.vhd Line: 50
Warning (10492): VHDL Process Statement warning at alu.vhd(50): signal "B" is read inside the Process Statement but isn't in the Process Statement's sensitivity list File: /eecs/home/nvukosa/RISCV_FPGA/hdl/alu.vhd Line: 50
Warning (10492): VHDL Process Statement warning at alu.vhd(55): signal "A" is read inside the Process Statement but isn't in the Process Statement's sensitivity list File: /eecs/home/nvukosa/RISCV_FPGA/hdl/alu.vhd Line: 55
Warning (10492): VHDL Process Statement warning at alu.vhd(55): signal "B" is read inside the Process Statement but isn't in the Process Statement's sensitivity list File: /eecs/home/nvukosa/RISCV_FPGA/hdl/alu.vhd Line: 55
Warning (10492): VHDL Process Statement warning at alu.vhd(60): signal "A" is read inside the Process Statement but isn't in the Process Statement's sensitivity list File: /eecs/home/nvukosa/RISCV_FPGA/hdl/alu.vhd Line: 60
Warning (10492): VHDL Process Statement warning at alu.vhd(60): signal "B" is read inside the Process Statement but isn't in the Process Statement's sensitivity list File: /eecs/home/nvukosa/RISCV_FPGA/hdl/alu.vhd Line: 60
Warning (10492): VHDL Process Statement warning at alu.vhd(65): signal "A" is read inside the Process Statement but isn't in the Process Statement's sensitivity list File: /eecs/home/nvukosa/RISCV_FPGA/hdl/alu.vhd Line: 65
Warning (10492): VHDL Process Statement warning at alu.vhd(65): signal "B" is read inside the Process Statement but isn't in the Process Statement's sensitivity list File: /eecs/home/nvukosa/RISCV_FPGA/hdl/alu.vhd Line: 65
Warning (10492): VHDL Process Statement warning at alu.vhd(66): signal "A" is read inside the Process Statement but isn't in the Process Statement's sensitivity list File: /eecs/home/nvukosa/RISCV_FPGA/hdl/alu.vhd Line: 66
Warning (10492): VHDL Process Statement warning at alu.vhd(66): signal "B" is read inside the Process Statement but isn't in the Process Statement's sensitivity list File: /eecs/home/nvukosa/RISCV_FPGA/hdl/alu.vhd Line: 66
Warning (10492): VHDL Process Statement warning at alu.vhd(72): signal "A" is read inside the Process Statement but isn't in the Process Statement's sensitivity list File: /eecs/home/nvukosa/RISCV_FPGA/hdl/alu.vhd Line: 72
Warning (10492): VHDL Process Statement warning at alu.vhd(72): signal "B" is read inside the Process Statement but isn't in the Process Statement's sensitivity list File: /eecs/home/nvukosa/RISCV_FPGA/hdl/alu.vhd Line: 72
Warning (10492): VHDL Process Statement warning at alu.vhd(82): signal "A" is read inside the Process Statement but isn't in the Process Statement's sensitivity list File: /eecs/home/nvukosa/RISCV_FPGA/hdl/alu.vhd Line: 82
Warning (10492): VHDL Process Statement warning at alu.vhd(82): signal "B" is read inside the Process Statement but isn't in the Process Statement's sensitivity list File: /eecs/home/nvukosa/RISCV_FPGA/hdl/alu.vhd Line: 82
Warning (10492): VHDL Process Statement warning at alu.vhd(99): signal "A" is read inside the Process Statement but isn't in the Process Statement's sensitivity list File: /eecs/home/nvukosa/RISCV_FPGA/hdl/alu.vhd Line: 99
Warning (10492): VHDL Process Statement warning at alu.vhd(99): signal "B" is read inside the Process Statement but isn't in the Process Statement's sensitivity list File: /eecs/home/nvukosa/RISCV_FPGA/hdl/alu.vhd Line: 99
Warning (10492): VHDL Process Statement warning at alu.vhd(101): signal "A" is read inside the Process Statement but isn't in the Process Statement's sensitivity list File: /eecs/home/nvukosa/RISCV_FPGA/hdl/alu.vhd Line: 101
Warning (10492): VHDL Process Statement warning at alu.vhd(101): signal "B" is read inside the Process Statement but isn't in the Process Statement's sensitivity list File: /eecs/home/nvukosa/RISCV_FPGA/hdl/alu.vhd Line: 101
Warning (10492): VHDL Process Statement warning at alu.vhd(103): signal "A" is read inside the Process Statement but isn't in the Process Statement's sensitivity list File: /eecs/home/nvukosa/RISCV_FPGA/hdl/alu.vhd Line: 103
Warning (10492): VHDL Process Statement warning at alu.vhd(103): signal "B" is read inside the Process Statement but isn't in the Process Statement's sensitivity list File: /eecs/home/nvukosa/RISCV_FPGA/hdl/alu.vhd Line: 103
Warning (10492): VHDL Process Statement warning at alu.vhd(105): signal "A" is read inside the Process Statement but isn't in the Process Statement's sensitivity list File: /eecs/home/nvukosa/RISCV_FPGA/hdl/alu.vhd Line: 105
Warning (10492): VHDL Process Statement warning at alu.vhd(105): signal "B" is read inside the Process Statement but isn't in the Process Statement's sensitivity list File: /eecs/home/nvukosa/RISCV_FPGA/hdl/alu.vhd Line: 105
Warning (10492): VHDL Process Statement warning at alu.vhd(107): signal "B" is read inside the Process Statement but isn't in the Process Statement's sensitivity list File: /eecs/home/nvukosa/RISCV_FPGA/hdl/alu.vhd Line: 107
Warning (10492): VHDL Process Statement warning at alu.vhd(108): signal "A" is read inside the Process Statement but isn't in the Process Statement's sensitivity list File: /eecs/home/nvukosa/RISCV_FPGA/hdl/alu.vhd Line: 108
Warning (10492): VHDL Process Statement warning at alu.vhd(108): signal "B" is read inside the Process Statement but isn't in the Process Statement's sensitivity list File: /eecs/home/nvukosa/RISCV_FPGA/hdl/alu.vhd Line: 108
Warning (10492): VHDL Process Statement warning at alu.vhd(112): signal "B" is read inside the Process Statement but isn't in the Process Statement's sensitivity list File: /eecs/home/nvukosa/RISCV_FPGA/hdl/alu.vhd Line: 112
Warning (10492): VHDL Process Statement warning at alu.vhd(113): signal "A" is read inside the Process Statement but isn't in the Process Statement's sensitivity list File: /eecs/home/nvukosa/RISCV_FPGA/hdl/alu.vhd Line: 113
Warning (10492): VHDL Process Statement warning at alu.vhd(113): signal "B" is read inside the Process Statement but isn't in the Process Statement's sensitivity list File: /eecs/home/nvukosa/RISCV_FPGA/hdl/alu.vhd Line: 113
Warning (10492): VHDL Process Statement warning at alu.vhd(114): signal "A" is read inside the Process Statement but isn't in the Process Statement's sensitivity list File: /eecs/home/nvukosa/RISCV_FPGA/hdl/alu.vhd Line: 114
Warning (10492): VHDL Process Statement warning at alu.vhd(114): signal "B" is read inside the Process Statement but isn't in the Process Statement's sensitivity list File: /eecs/home/nvukosa/RISCV_FPGA/hdl/alu.vhd Line: 114
Warning (10492): VHDL Process Statement warning at alu.vhd(119): signal "A" is read inside the Process Statement but isn't in the Process Statement's sensitivity list File: /eecs/home/nvukosa/RISCV_FPGA/hdl/alu.vhd Line: 119
Warning (10492): VHDL Process Statement warning at alu.vhd(119): signal "B" is read inside the Process Statement but isn't in the Process Statement's sensitivity list File: /eecs/home/nvukosa/RISCV_FPGA/hdl/alu.vhd Line: 119
Warning (10492): VHDL Process Statement warning at alu.vhd(127): signal "A" is read inside the Process Statement but isn't in the Process Statement's sensitivity list File: /eecs/home/nvukosa/RISCV_FPGA/hdl/alu.vhd Line: 127
Warning (10492): VHDL Process Statement warning at alu.vhd(127): signal "B" is read inside the Process Statement but isn't in the Process Statement's sensitivity list File: /eecs/home/nvukosa/RISCV_FPGA/hdl/alu.vhd Line: 127
Warning (10492): VHDL Process Statement warning at alu.vhd(138): signal "A" is read inside the Process Statement but isn't in the Process Statement's sensitivity list File: /eecs/home/nvukosa/RISCV_FPGA/hdl/alu.vhd Line: 138
Warning (10492): VHDL Process Statement warning at alu.vhd(138): signal "B" is read inside the Process Statement but isn't in the Process Statement's sensitivity list File: /eecs/home/nvukosa/RISCV_FPGA/hdl/alu.vhd Line: 138
Warning (10492): VHDL Process Statement warning at alu.vhd(142): signal "A" is read inside the Process Statement but isn't in the Process Statement's sensitivity list File: /eecs/home/nvukosa/RISCV_FPGA/hdl/alu.vhd Line: 142
Warning (10492): VHDL Process Statement warning at alu.vhd(142): signal "B" is read inside the Process Statement but isn't in the Process Statement's sensitivity list File: /eecs/home/nvukosa/RISCV_FPGA/hdl/alu.vhd Line: 142
Warning (10492): VHDL Process Statement warning at alu.vhd(147): signal "A" is read inside the Process Statement but isn't in the Process Statement's sensitivity list File: /eecs/home/nvukosa/RISCV_FPGA/hdl/alu.vhd Line: 147
Warning (10492): VHDL Process Statement warning at alu.vhd(147): signal "B" is read inside the Process Statement but isn't in the Process Statement's sensitivity list File: /eecs/home/nvukosa/RISCV_FPGA/hdl/alu.vhd Line: 147
Warning (10492): VHDL Process Statement warning at alu.vhd(152): signal "A" is read inside the Process Statement but isn't in the Process Statement's sensitivity list File: /eecs/home/nvukosa/RISCV_FPGA/hdl/alu.vhd Line: 152
Warning (10492): VHDL Process Statement warning at alu.vhd(152): signal "B" is read inside the Process Statement but isn't in the Process Statement's sensitivity list File: /eecs/home/nvukosa/RISCV_FPGA/hdl/alu.vhd Line: 152
Warning (10492): VHDL Process Statement warning at alu.vhd(156): signal "A" is read inside the Process Statement but isn't in the Process Statement's sensitivity list File: /eecs/home/nvukosa/RISCV_FPGA/hdl/alu.vhd Line: 156
Warning (10492): VHDL Process Statement warning at alu.vhd(156): signal "B" is read inside the Process Statement but isn't in the Process Statement's sensitivity list File: /eecs/home/nvukosa/RISCV_FPGA/hdl/alu.vhd Line: 156
Warning (10492): VHDL Process Statement warning at alu.vhd(160): signal "A" is read inside the Process Statement but isn't in the Process Statement's sensitivity list File: /eecs/home/nvukosa/RISCV_FPGA/hdl/alu.vhd Line: 160
Warning (10492): VHDL Process Statement warning at alu.vhd(160): signal "B" is read inside the Process Statement but isn't in the Process Statement's sensitivity list File: /eecs/home/nvukosa/RISCV_FPGA/hdl/alu.vhd Line: 160
Warning (10492): VHDL Process Statement warning at alu.vhd(164): signal "B" is read inside the Process Statement but isn't in the Process Statement's sensitivity list File: /eecs/home/nvukosa/RISCV_FPGA/hdl/alu.vhd Line: 164
Warning (10631): VHDL Process Statement warning at alu.vhd(29): inferring latch(es) for signal or variable "result", which holds its previous value in one or more paths through the process File: /eecs/home/nvukosa/RISCV_FPGA/hdl/alu.vhd Line: 29
Info (10041): Inferred latch for "result[0]" at alu.vhd(29) File: /eecs/home/nvukosa/RISCV_FPGA/hdl/alu.vhd Line: 29
Info (10041): Inferred latch for "result[1]" at alu.vhd(29) File: /eecs/home/nvukosa/RISCV_FPGA/hdl/alu.vhd Line: 29
Info (10041): Inferred latch for "result[2]" at alu.vhd(29) File: /eecs/home/nvukosa/RISCV_FPGA/hdl/alu.vhd Line: 29
Info (10041): Inferred latch for "result[3]" at alu.vhd(29) File: /eecs/home/nvukosa/RISCV_FPGA/hdl/alu.vhd Line: 29
Info (10041): Inferred latch for "result[4]" at alu.vhd(29) File: /eecs/home/nvukosa/RISCV_FPGA/hdl/alu.vhd Line: 29
Info (10041): Inferred latch for "result[5]" at alu.vhd(29) File: /eecs/home/nvukosa/RISCV_FPGA/hdl/alu.vhd Line: 29
Info (10041): Inferred latch for "result[6]" at alu.vhd(29) File: /eecs/home/nvukosa/RISCV_FPGA/hdl/alu.vhd Line: 29
Info (10041): Inferred latch for "result[7]" at alu.vhd(29) File: /eecs/home/nvukosa/RISCV_FPGA/hdl/alu.vhd Line: 29
Info (10041): Inferred latch for "result[8]" at alu.vhd(29) File: /eecs/home/nvukosa/RISCV_FPGA/hdl/alu.vhd Line: 29
Info (10041): Inferred latch for "result[9]" at alu.vhd(29) File: /eecs/home/nvukosa/RISCV_FPGA/hdl/alu.vhd Line: 29
Info (10041): Inferred latch for "result[10]" at alu.vhd(29) File: /eecs/home/nvukosa/RISCV_FPGA/hdl/alu.vhd Line: 29
Info (10041): Inferred latch for "result[11]" at alu.vhd(29) File: /eecs/home/nvukosa/RISCV_FPGA/hdl/alu.vhd Line: 29
Info (10041): Inferred latch for "result[12]" at alu.vhd(29) File: /eecs/home/nvukosa/RISCV_FPGA/hdl/alu.vhd Line: 29
Info (10041): Inferred latch for "result[13]" at alu.vhd(29) File: /eecs/home/nvukosa/RISCV_FPGA/hdl/alu.vhd Line: 29
Info (10041): Inferred latch for "result[14]" at alu.vhd(29) File: /eecs/home/nvukosa/RISCV_FPGA/hdl/alu.vhd Line: 29
Info (10041): Inferred latch for "result[15]" at alu.vhd(29) File: /eecs/home/nvukosa/RISCV_FPGA/hdl/alu.vhd Line: 29
Info (10041): Inferred latch for "result[16]" at alu.vhd(29) File: /eecs/home/nvukosa/RISCV_FPGA/hdl/alu.vhd Line: 29
Info (10041): Inferred latch for "result[17]" at alu.vhd(29) File: /eecs/home/nvukosa/RISCV_FPGA/hdl/alu.vhd Line: 29
Info (10041): Inferred latch for "result[18]" at alu.vhd(29) File: /eecs/home/nvukosa/RISCV_FPGA/hdl/alu.vhd Line: 29
Info (10041): Inferred latch for "result[19]" at alu.vhd(29) File: /eecs/home/nvukosa/RISCV_FPGA/hdl/alu.vhd Line: 29
Info (10041): Inferred latch for "result[20]" at alu.vhd(29) File: /eecs/home/nvukosa/RISCV_FPGA/hdl/alu.vhd Line: 29
Info (10041): Inferred latch for "result[21]" at alu.vhd(29) File: /eecs/home/nvukosa/RISCV_FPGA/hdl/alu.vhd Line: 29
Info (10041): Inferred latch for "result[22]" at alu.vhd(29) File: /eecs/home/nvukosa/RISCV_FPGA/hdl/alu.vhd Line: 29
Info (10041): Inferred latch for "result[23]" at alu.vhd(29) File: /eecs/home/nvukosa/RISCV_FPGA/hdl/alu.vhd Line: 29
Info (10041): Inferred latch for "result[24]" at alu.vhd(29) File: /eecs/home/nvukosa/RISCV_FPGA/hdl/alu.vhd Line: 29
Info (10041): Inferred latch for "result[25]" at alu.vhd(29) File: /eecs/home/nvukosa/RISCV_FPGA/hdl/alu.vhd Line: 29
Info (10041): Inferred latch for "result[26]" at alu.vhd(29) File: /eecs/home/nvukosa/RISCV_FPGA/hdl/alu.vhd Line: 29
Info (10041): Inferred latch for "result[27]" at alu.vhd(29) File: /eecs/home/nvukosa/RISCV_FPGA/hdl/alu.vhd Line: 29
Info (10041): Inferred latch for "result[28]" at alu.vhd(29) File: /eecs/home/nvukosa/RISCV_FPGA/hdl/alu.vhd Line: 29
Info (10041): Inferred latch for "result[29]" at alu.vhd(29) File: /eecs/home/nvukosa/RISCV_FPGA/hdl/alu.vhd Line: 29
Info (10041): Inferred latch for "result[30]" at alu.vhd(29) File: /eecs/home/nvukosa/RISCV_FPGA/hdl/alu.vhd Line: 29
Info (10041): Inferred latch for "result[31]" at alu.vhd(29) File: /eecs/home/nvukosa/RISCV_FPGA/hdl/alu.vhd Line: 29
Info (12128): Elaborating entity "branch_control" for hierarchy "execute:execute|branch_control:u_bc" File: /eecs/home/nvukosa/RISCV_FPGA/hdl/execute.vhd Line: 120
Warning (10492): VHDL Process Statement warning at branch_control.vhd(33): signal "rs1" is read inside the Process Statement but isn't in the Process Statement's sensitivity list File: /eecs/home/nvukosa/RISCV_FPGA/hdl/branch_control.vhd Line: 33
Warning (10492): VHDL Process Statement warning at branch_control.vhd(33): signal "rs2" is read inside the Process Statement but isn't in the Process Statement's sensitivity list File: /eecs/home/nvukosa/RISCV_FPGA/hdl/branch_control.vhd Line: 33
Warning (10492): VHDL Process Statement warning at branch_control.vhd(42): signal "rs1" is read inside the Process Statement but isn't in the Process Statement's sensitivity list File: /eecs/home/nvukosa/RISCV_FPGA/hdl/branch_control.vhd Line: 42
Warning (10492): VHDL Process Statement warning at branch_control.vhd(42): signal "rs2" is read inside the Process Statement but isn't in the Process Statement's sensitivity list File: /eecs/home/nvukosa/RISCV_FPGA/hdl/branch_control.vhd Line: 42
Warning (10492): VHDL Process Statement warning at branch_control.vhd(53): signal "rs1" is read inside the Process Statement but isn't in the Process Statement's sensitivity list File: /eecs/home/nvukosa/RISCV_FPGA/hdl/branch_control.vhd Line: 53
Warning (10492): VHDL Process Statement warning at branch_control.vhd(53): signal "rs2" is read inside the Process Statement but isn't in the Process Statement's sensitivity list File: /eecs/home/nvukosa/RISCV_FPGA/hdl/branch_control.vhd Line: 53
Warning (10492): VHDL Process Statement warning at branch_control.vhd(60): signal "rs1" is read inside the Process Statement but isn't in the Process Statement's sensitivity list File: /eecs/home/nvukosa/RISCV_FPGA/hdl/branch_control.vhd Line: 60
Warning (10492): VHDL Process Statement warning at branch_control.vhd(60): signal "rs2" is read inside the Process Statement but isn't in the Process Statement's sensitivity list File: /eecs/home/nvukosa/RISCV_FPGA/hdl/branch_control.vhd Line: 60
Warning (10492): VHDL Process Statement warning at branch_control.vhd(66): signal "rs1" is read inside the Process Statement but isn't in the Process Statement's sensitivity list File: /eecs/home/nvukosa/RISCV_FPGA/hdl/branch_control.vhd Line: 66
Warning (10492): VHDL Process Statement warning at branch_control.vhd(66): signal "rs2" is read inside the Process Statement but isn't in the Process Statement's sensitivity list File: /eecs/home/nvukosa/RISCV_FPGA/hdl/branch_control.vhd Line: 66
Warning (10492): VHDL Process Statement warning at branch_control.vhd(75): signal "rs1" is read inside the Process Statement but isn't in the Process Statement's sensitivity list File: /eecs/home/nvukosa/RISCV_FPGA/hdl/branch_control.vhd Line: 75
Warning (10492): VHDL Process Statement warning at branch_control.vhd(75): signal "rs2" is read inside the Process Statement but isn't in the Process Statement's sensitivity list File: /eecs/home/nvukosa/RISCV_FPGA/hdl/branch_control.vhd Line: 75
Warning (10492): VHDL Process Statement warning at branch_control.vhd(83): signal "rs1" is read inside the Process Statement but isn't in the Process Statement's sensitivity list File: /eecs/home/nvukosa/RISCV_FPGA/hdl/branch_control.vhd Line: 83
Warning (10492): VHDL Process Statement warning at branch_control.vhd(83): signal "rs2" is read inside the Process Statement but isn't in the Process Statement's sensitivity list File: /eecs/home/nvukosa/RISCV_FPGA/hdl/branch_control.vhd Line: 83
Warning (10492): VHDL Process Statement warning at branch_control.vhd(89): signal "rs1" is read inside the Process Statement but isn't in the Process Statement's sensitivity list File: /eecs/home/nvukosa/RISCV_FPGA/hdl/branch_control.vhd Line: 89
Warning (10492): VHDL Process Statement warning at branch_control.vhd(89): signal "rs2" is read inside the Process Statement but isn't in the Process Statement's sensitivity list File: /eecs/home/nvukosa/RISCV_FPGA/hdl/branch_control.vhd Line: 89
Warning (10631): VHDL Process Statement warning at branch_control.vhd(25): inferring latch(es) for signal or variable "BrEq", which holds its previous value in one or more paths through the process File: /eecs/home/nvukosa/RISCV_FPGA/hdl/branch_control.vhd Line: 25
Warning (10631): VHDL Process Statement warning at branch_control.vhd(25): inferring latch(es) for signal or variable "BrLt", which holds its previous value in one or more paths through the process File: /eecs/home/nvukosa/RISCV_FPGA/hdl/branch_control.vhd Line: 25
Info (10041): Inferred latch for "BrLt" at branch_control.vhd(25) File: /eecs/home/nvukosa/RISCV_FPGA/hdl/branch_control.vhd Line: 25
Info (10041): Inferred latch for "BrEq" at branch_control.vhd(25) File: /eecs/home/nvukosa/RISCV_FPGA/hdl/branch_control.vhd Line: 25
Warning (13024): Output pins are stuck at VCC or GND
    Warning (13410): Pin "occupied" is stuck at GND File: /eecs/home/nvukosa/RISCV_FPGA/hdl/riscv_top.vhd Line: 13
    Warning (13410): Pin "led" is stuck at GND File: /eecs/home/nvukosa/RISCV_FPGA/hdl/riscv_top.vhd Line: 14
    Warning (13410): Pin "time_left[0]" is stuck at GND File: /eecs/home/nvukosa/RISCV_FPGA/hdl/riscv_top.vhd Line: 15
    Warning (13410): Pin "time_left[1]" is stuck at GND File: /eecs/home/nvukosa/RISCV_FPGA/hdl/riscv_top.vhd Line: 15
    Warning (13410): Pin "time_left[2]" is stuck at GND File: /eecs/home/nvukosa/RISCV_FPGA/hdl/riscv_top.vhd Line: 15
    Warning (13410): Pin "time_left[3]" is stuck at GND File: /eecs/home/nvukosa/RISCV_FPGA/hdl/riscv_top.vhd Line: 15
    Warning (13410): Pin "time_left[4]" is stuck at GND File: /eecs/home/nvukosa/RISCV_FPGA/hdl/riscv_top.vhd Line: 15
    Warning (13410): Pin "time_left[5]" is stuck at GND File: /eecs/home/nvukosa/RISCV_FPGA/hdl/riscv_top.vhd Line: 15
    Warning (13410): Pin "time_left[6]" is stuck at GND File: /eecs/home/nvukosa/RISCV_FPGA/hdl/riscv_top.vhd Line: 15
Info (16010): Generating hard_block partition "hard_block:auto_generated_inst"
    Info (16011): Adding 0 node(s), including 0 DDIO, 0 PLL, 0 transceiver and 0 LCELL
Warning (21074): Design contains 2 input pin(s) that do not drive logic
    Warning (15610): No output dependent on input pin "clk" File: /eecs/home/nvukosa/RISCV_FPGA/hdl/riscv_top.vhd Line: 9
    Warning (15610): No output dependent on input pin "reset" File: /eecs/home/nvukosa/RISCV_FPGA/hdl/riscv_top.vhd Line: 10
Info (21057): Implemented 11 device resources after synthesis - the final resource count might be different
    Info (21058): Implemented 2 input pins
    Info (21059): Implemented 9 output pins
Info: Quartus Prime Analysis & Synthesis was successful. 0 errors, 107 warnings
    Info: Peak virtual memory: 694 megabytes
    Info: Processing ended: Wed Nov 12 18:28:25 2025
    Info: Elapsed time: 00:00:04
    Info: Total CPU time (on all processors): 00:00:11


